{
  "RSpec": {
    "coverage": {
      "/Users/admin/Documents/Deck/makers-academy/june/massi_airports/spec/airport_spec.rb": [
        1,
        1,
        null,
        1,
        7,
        null,
        1,
        1,
        null,
        null,
        2,
        null,
        null,
        1,
        2,
        null,
        null,
        1,
        null,
        1,
        9,
        null,
        null,
        2,
        null,
        1,
        2,
        null,
        null,
        1,
        1,
        1,
        null,
        null,
        1,
        1,
        2,
        2,
        null,
        null,
        null,
        1,
        null,
        2,
        null,
        1,
        12,
        6,
        2,
        null,
        null,
        1,
        3,
        2,
        null,
        null,
        1,
        3,
        2,
        null,
        null,
        null
      ],
      "/Users/admin/Documents/Deck/makers-academy/june/massi_airports/lib/airport.rb": [
        1,
        null,
        1,
        null,
        1,
        null,
        1,
        null,
        1,
        11,
        11,
        11,
        null,
        null,
        1,
        0,
        0,
        null,
        null,
        null,
        1,
        0,
        null,
        null,
        1,
        3,
        2,
        1,
        1,
        1,
        null,
        null,
        1,
        10,
        10,
        9,
        8,
        8,
        null,
        null,
        null,
        1,
        null,
        1,
        null,
        1,
        3,
        null,
        null,
        1,
        10,
        null,
        null,
        null,
        null,
        null
      ],
      "/Users/admin/Documents/Deck/makers-academy/june/massi_airports/lib/plane.rb": [
        1,
        1,
        null,
        1,
        3,
        null,
        null,
        1,
        2,
        null,
        null,
        1,
        1,
        null,
        null,
        1,
        0,
        null,
        null,
        null
      ],
      "/Users/admin/Documents/Deck/makers-academy/june/massi_airports/spec/plane_spec.rb": [
        1,
        null,
        1,
        null,
        1,
        null,
        1,
        1,
        1,
        1,
        null,
        null,
        null,
        1,
        2,
        null,
        1,
        1,
        1,
        1,
        null,
        null,
        null
      ]
    },
    "timestamp": 1434552949
  }
}
